{
  "stats": {
    "suites": 2,
    "tests": 3,
    "passes": 3,
    "pending": 0,
    "failures": 0,
    "start": "2025-07-07T07:11:27.728Z",
    "end": "2025-07-07T07:11:27.914Z",
    "duration": 186,
    "testsRegistered": 3,
    "passPercent": 100,
    "pendingPercent": 0,
    "other": 0,
    "hasOther": false,
    "skipped": 0,
    "hasSkipped": false
  },
  "results": [
    {
      "uuid": "288c49f2-81a8-4088-9e3c-2cabe21d62af",
      "title": "",
      "fullFile": "",
      "file": "",
      "beforeHooks": [],
      "afterHooks": [],
      "tests": [],
      "suites": [
        {
          "uuid": "254584e3-7fd7-4b41-ad9c-0582ace0358a",
          "title": "HomePage",
          "fullFile": "/Users/harkirat.singh/Desktop/learning-sourceloop/store/services/product-service/dist/__tests__/acceptance/home-page.acceptance.js",
          "file": "/dist/__tests__/acceptance/home-page.acceptance.js",
          "beforeHooks": [
            {
              "title": "\"before all\" hook: setupApplication in \"HomePage\"",
              "fullTitle": "HomePage \"before all\" hook: setupApplication in \"HomePage\"",
              "timedOut": false,
              "duration": 118,
              "state": null,
              "speed": null,
              "pass": false,
              "fail": false,
              "pending": false,
              "context": null,
              "code": "({ app, client } = await (0, test_helper_1.setupApplication)());",
              "err": {},
              "uuid": "c529b442-546d-4a50-8dff-5e8913f1ff7c",
              "parentUUID": "254584e3-7fd7-4b41-ad9c-0582ace0358a",
              "isHook": true,
              "skipped": false
            }
          ],
          "afterHooks": [
            {
              "title": "\"after all\" hook in \"HomePage\"",
              "fullTitle": "HomePage \"after all\" hook in \"HomePage\"",
              "timedOut": false,
              "duration": 1,
              "state": null,
              "speed": null,
              "pass": false,
              "fail": false,
              "pending": false,
              "context": null,
              "code": "await app.stop();",
              "err": {},
              "uuid": "d0580a74-f03c-49a4-9cf4-2c6a968a4e68",
              "parentUUID": "254584e3-7fd7-4b41-ad9c-0582ace0358a",
              "isHook": true,
              "skipped": false
            }
          ],
          "tests": [
            {
              "title": "exposes a default home page",
              "fullTitle": "HomePage exposes a default home page",
              "timedOut": false,
              "duration": 39,
              "state": "passed",
              "speed": "medium",
              "pass": true,
              "fail": false,
              "pending": false,
              "context": null,
              "code": "await client\n    .get('/')\n    .expect(200)\n    .expect('Content-Type', /text\\/html/);",
              "err": {},
              "uuid": "08168db8-ae4e-40ee-97f7-6bf7c73b2424",
              "parentUUID": "254584e3-7fd7-4b41-ad9c-0582ace0358a",
              "isHook": false,
              "skipped": false
            },
            {
              "title": "exposes self-hosted explorer",
              "fullTitle": "HomePage exposes self-hosted explorer",
              "timedOut": false,
              "duration": 7,
              "state": "passed",
              "speed": "fast",
              "pass": true,
              "fail": false,
              "pending": false,
              "context": null,
              "code": "await client\n    .get('/explorer/')\n    .expect(200)\n    .expect('Content-Type', /text\\/html/)\n    .expect(/<title>LoopBack API Explorer/);",
              "err": {},
              "uuid": "ac06720c-69e9-4d2b-9090-ace5d0d1214b",
              "parentUUID": "254584e3-7fd7-4b41-ad9c-0582ace0358a",
              "isHook": false,
              "skipped": false
            }
          ],
          "suites": [],
          "passes": [
            "08168db8-ae4e-40ee-97f7-6bf7c73b2424",
            "ac06720c-69e9-4d2b-9090-ace5d0d1214b"
          ],
          "failures": [],
          "pending": [],
          "skipped": [],
          "duration": 46,
          "root": false,
          "rootEmpty": false,
          "_timeout": 2000
        },
        {
          "uuid": "cb33729f-4125-4ebc-8d99-748b6254f3ea",
          "title": "PingController",
          "fullFile": "/Users/harkirat.singh/Desktop/learning-sourceloop/store/services/product-service/dist/__tests__/acceptance/ping.controller.acceptance.js",
          "file": "/dist/__tests__/acceptance/ping.controller.acceptance.js",
          "beforeHooks": [
            {
              "title": "\"before all\" hook: setupApplication in \"PingController\"",
              "fullTitle": "PingController \"before all\" hook: setupApplication in \"PingController\"",
              "timedOut": false,
              "duration": 11,
              "state": null,
              "speed": null,
              "pass": false,
              "fail": false,
              "pending": false,
              "context": null,
              "code": "({ app, client } = await (0, test_helper_1.setupApplication)());",
              "err": {},
              "uuid": "2007299d-0c89-453a-9fac-6253e1344dc7",
              "parentUUID": "cb33729f-4125-4ebc-8d99-748b6254f3ea",
              "isHook": true,
              "skipped": false
            }
          ],
          "afterHooks": [
            {
              "title": "\"after all\" hook in \"PingController\"",
              "fullTitle": "PingController \"after all\" hook in \"PingController\"",
              "timedOut": false,
              "duration": 1,
              "state": null,
              "speed": null,
              "pass": false,
              "fail": false,
              "pending": false,
              "context": null,
              "code": "await app.stop();",
              "err": {},
              "uuid": "995021ef-d2a4-4351-9038-76e81503f283",
              "parentUUID": "cb33729f-4125-4ebc-8d99-748b6254f3ea",
              "isHook": true,
              "skipped": false
            }
          ],
          "tests": [
            {
              "title": "invokes GET /ping",
              "fullTitle": "PingController invokes GET /ping",
              "timedOut": false,
              "duration": 6,
              "state": "passed",
              "speed": "fast",
              "pass": true,
              "fail": false,
              "pending": false,
              "context": null,
              "code": "const res = await client.get('/ping?msg=world').expect(200);\n(0, testlab_1.expect)(res.body).to.containEql({ greeting: 'Hello from LoopBack' });",
              "err": {},
              "uuid": "6458759c-4774-45fe-82a2-86bddab2f983",
              "parentUUID": "cb33729f-4125-4ebc-8d99-748b6254f3ea",
              "isHook": false,
              "skipped": false
            }
          ],
          "suites": [],
          "passes": [
            "6458759c-4774-45fe-82a2-86bddab2f983"
          ],
          "failures": [],
          "pending": [],
          "skipped": [],
          "duration": 6,
          "root": false,
          "rootEmpty": false,
          "_timeout": 2000
        }
      ],
      "passes": [],
      "failures": [],
      "pending": [],
      "skipped": [],
      "duration": 0,
      "root": true,
      "rootEmpty": true,
      "_timeout": 2000
    }
  ],
  "meta": {
    "mocha": {
      "version": "11.7.1"
    },
    "mochawesome": {
      "options": {
        "quiet": false,
        "reportFilename": "mochawesome",
        "saveHtml": true,
        "saveJson": true,
        "consoleReporter": "spec",
        "useInlineDiffs": false,
        "code": true
      },
      "version": "7.1.3"
    },
    "marge": {
      "options": null,
      "version": "6.2.0"
    }
  }
}