{
  "stats": {
    "suites": 2,
    "tests": 3,
    "passes": 3,
    "pending": 0,
    "failures": 0,
    "start": "2025-07-11T10:14:58.009Z",
    "end": "2025-07-11T10:14:58.152Z",
    "duration": 143,
    "testsRegistered": 3,
    "passPercent": 100,
    "pendingPercent": 0,
    "other": 0,
    "hasOther": false,
    "skipped": 0,
    "hasSkipped": false
  },
  "results": [
    {
      "uuid": "f630752e-d575-4def-b5db-ec8c211a2fb8",
      "title": "",
      "fullFile": "",
      "file": "",
      "beforeHooks": [],
      "afterHooks": [],
      "tests": [],
      "suites": [
        {
          "uuid": "97f839bf-ddbf-4142-82d4-460d8c85f277",
          "title": "HomePage",
          "fullFile": "/Users/harkirat.singh/Desktop/learning-sourceloop/store/services/product-service/dist/__tests__/acceptance/home-page.acceptance.js",
          "file": "/dist/__tests__/acceptance/home-page.acceptance.js",
          "beforeHooks": [
            {
              "title": "\"before all\" hook: setupApplication in \"HomePage\"",
              "fullTitle": "HomePage \"before all\" hook: setupApplication in \"HomePage\"",
              "timedOut": false,
              "duration": 97,
              "state": null,
              "speed": null,
              "pass": false,
              "fail": false,
              "pending": false,
              "context": null,
              "code": "({ app, client } = await (0, test_helper_1.setupApplication)());",
              "err": {},
              "uuid": "245b539e-168d-4030-8e34-2d84bf77cb59",
              "parentUUID": "97f839bf-ddbf-4142-82d4-460d8c85f277",
              "isHook": true,
              "skipped": false
            }
          ],
          "afterHooks": [
            {
              "title": "\"after all\" hook in \"HomePage\"",
              "fullTitle": "HomePage \"after all\" hook in \"HomePage\"",
              "timedOut": false,
              "duration": 1,
              "state": null,
              "speed": null,
              "pass": false,
              "fail": false,
              "pending": false,
              "context": null,
              "code": "await app.stop();",
              "err": {},
              "uuid": "688ce0ef-be16-4f49-a6a1-514515f2c36f",
              "parentUUID": "97f839bf-ddbf-4142-82d4-460d8c85f277",
              "isHook": true,
              "skipped": false
            }
          ],
          "tests": [
            {
              "title": "exposes a default home page",
              "fullTitle": "HomePage exposes a default home page",
              "timedOut": false,
              "duration": 22,
              "state": "passed",
              "speed": "fast",
              "pass": true,
              "fail": false,
              "pending": false,
              "context": null,
              "code": "await client\n    .get('/')\n    .expect(200)\n    .expect('Content-Type', /text\\/html/);",
              "err": {},
              "uuid": "efd478b3-e7d1-4768-8af9-568f4a13efae",
              "parentUUID": "97f839bf-ddbf-4142-82d4-460d8c85f277",
              "isHook": false,
              "skipped": false
            },
            {
              "title": "exposes self-hosted explorer",
              "fullTitle": "HomePage exposes self-hosted explorer",
              "timedOut": false,
              "duration": 4,
              "state": "passed",
              "speed": "fast",
              "pass": true,
              "fail": false,
              "pending": false,
              "context": null,
              "code": "await client\n    .get('/explorer/')\n    .expect(200)\n    .expect('Content-Type', /text\\/html/)\n    .expect(/<title>LoopBack API Explorer/);",
              "err": {},
              "uuid": "cc7097f4-099f-42ca-947e-77ca4972c11d",
              "parentUUID": "97f839bf-ddbf-4142-82d4-460d8c85f277",
              "isHook": false,
              "skipped": false
            }
          ],
          "suites": [],
          "passes": [
            "efd478b3-e7d1-4768-8af9-568f4a13efae",
            "cc7097f4-099f-42ca-947e-77ca4972c11d"
          ],
          "failures": [],
          "pending": [],
          "skipped": [],
          "duration": 26,
          "root": false,
          "rootEmpty": false,
          "_timeout": 2000
        },
        {
          "uuid": "c73ded50-19d3-4230-ab38-67389f579297",
          "title": "PingController",
          "fullFile": "/Users/harkirat.singh/Desktop/learning-sourceloop/store/services/product-service/dist/__tests__/acceptance/ping.controller.acceptance.js",
          "file": "/dist/__tests__/acceptance/ping.controller.acceptance.js",
          "beforeHooks": [
            {
              "title": "\"before all\" hook: setupApplication in \"PingController\"",
              "fullTitle": "PingController \"before all\" hook: setupApplication in \"PingController\"",
              "timedOut": false,
              "duration": 9,
              "state": null,
              "speed": null,
              "pass": false,
              "fail": false,
              "pending": false,
              "context": null,
              "code": "({ app, client } = await (0, test_helper_1.setupApplication)());",
              "err": {},
              "uuid": "471130a4-5ae0-4579-a55d-108294ed3ddd",
              "parentUUID": "c73ded50-19d3-4230-ab38-67389f579297",
              "isHook": true,
              "skipped": false
            }
          ],
          "afterHooks": [
            {
              "title": "\"after all\" hook in \"PingController\"",
              "fullTitle": "PingController \"after all\" hook in \"PingController\"",
              "timedOut": false,
              "duration": 1,
              "state": null,
              "speed": null,
              "pass": false,
              "fail": false,
              "pending": false,
              "context": null,
              "code": "await app.stop();",
              "err": {},
              "uuid": "a22904f0-d958-4433-a34f-db9926037730",
              "parentUUID": "c73ded50-19d3-4230-ab38-67389f579297",
              "isHook": true,
              "skipped": false
            }
          ],
          "tests": [
            {
              "title": "invokes GET /ping",
              "fullTitle": "PingController invokes GET /ping",
              "timedOut": false,
              "duration": 5,
              "state": "passed",
              "speed": "fast",
              "pass": true,
              "fail": false,
              "pending": false,
              "context": null,
              "code": "const res = await client.get('/ping?msg=world').expect(200);\n(0, testlab_1.expect)(res.body).to.containEql({ greeting: 'Hello from LoopBack' });",
              "err": {},
              "uuid": "c93091c8-7929-4d74-8369-99eb01cb8f77",
              "parentUUID": "c73ded50-19d3-4230-ab38-67389f579297",
              "isHook": false,
              "skipped": false
            }
          ],
          "suites": [],
          "passes": [
            "c93091c8-7929-4d74-8369-99eb01cb8f77"
          ],
          "failures": [],
          "pending": [],
          "skipped": [],
          "duration": 5,
          "root": false,
          "rootEmpty": false,
          "_timeout": 2000
        }
      ],
      "passes": [],
      "failures": [],
      "pending": [],
      "skipped": [],
      "duration": 0,
      "root": true,
      "rootEmpty": true,
      "_timeout": 2000
    }
  ],
  "meta": {
    "mocha": {
      "version": "11.7.1"
    },
    "mochawesome": {
      "options": {
        "quiet": false,
        "reportFilename": "mochawesome",
        "saveHtml": true,
        "saveJson": true,
        "consoleReporter": "spec",
        "useInlineDiffs": false,
        "code": true
      },
      "version": "7.1.3"
    },
    "marge": {
      "options": null,
      "version": "6.2.0"
    }
  }
}