{
  "stats": {
    "suites": 2,
    "tests": 3,
    "passes": 3,
    "pending": 0,
    "failures": 0,
    "start": "2025-07-10T16:57:58.047Z",
    "end": "2025-07-10T16:57:58.157Z",
    "duration": 110,
    "testsRegistered": 3,
    "passPercent": 100,
    "pendingPercent": 0,
    "other": 0,
    "hasOther": false,
    "skipped": 0,
    "hasSkipped": false
  },
  "results": [
    {
      "uuid": "b6e05477-5a76-4d2e-8970-28dbcc30e777",
      "title": "",
      "fullFile": "",
      "file": "",
      "beforeHooks": [],
      "afterHooks": [],
      "tests": [],
      "suites": [
        {
          "uuid": "a419f778-b13f-49cc-ada5-803306f08242",
          "title": "HomePage",
          "fullFile": "/Users/harkirat.singh/Desktop/learning-sourceloop/store/services/notification-service2/dist/__tests__/acceptance/home-page.acceptance.js",
          "file": "/dist/__tests__/acceptance/home-page.acceptance.js",
          "beforeHooks": [
            {
              "title": "\"before all\" hook: setupApplication in \"HomePage\"",
              "fullTitle": "HomePage \"before all\" hook: setupApplication in \"HomePage\"",
              "timedOut": false,
              "duration": 64,
              "state": null,
              "speed": null,
              "pass": false,
              "fail": false,
              "pending": false,
              "context": null,
              "code": "({ app, client } = await (0, test_helper_1.setupApplication)());",
              "err": {},
              "uuid": "ded755ed-10f0-4ca5-b81e-6b34f5105cb8",
              "parentUUID": "a419f778-b13f-49cc-ada5-803306f08242",
              "isHook": true,
              "skipped": false
            }
          ],
          "afterHooks": [
            {
              "title": "\"after all\" hook in \"HomePage\"",
              "fullTitle": "HomePage \"after all\" hook in \"HomePage\"",
              "timedOut": false,
              "duration": 0,
              "state": null,
              "speed": null,
              "pass": false,
              "fail": false,
              "pending": false,
              "context": null,
              "code": "await app.stop();",
              "err": {},
              "uuid": "17305847-aa32-4e41-aedf-55f05fd1803f",
              "parentUUID": "a419f778-b13f-49cc-ada5-803306f08242",
              "isHook": true,
              "skipped": false
            }
          ],
          "tests": [
            {
              "title": "exposes a default home page",
              "fullTitle": "HomePage exposes a default home page",
              "timedOut": false,
              "duration": 25,
              "state": "passed",
              "speed": "fast",
              "pass": true,
              "fail": false,
              "pending": false,
              "context": null,
              "code": "await client\n    .get('/')\n    .expect(200)\n    .expect('Content-Type', /text\\/html/);",
              "err": {},
              "uuid": "bb83cc14-45fa-4144-b35d-d5a8d403d0ec",
              "parentUUID": "a419f778-b13f-49cc-ada5-803306f08242",
              "isHook": false,
              "skipped": false
            },
            {
              "title": "exposes self-hosted explorer",
              "fullTitle": "HomePage exposes self-hosted explorer",
              "timedOut": false,
              "duration": 6,
              "state": "passed",
              "speed": "fast",
              "pass": true,
              "fail": false,
              "pending": false,
              "context": null,
              "code": "await client\n    .get('/explorer/')\n    .expect(200)\n    .expect('Content-Type', /text\\/html/)\n    .expect(/<title>LoopBack API Explorer/);",
              "err": {},
              "uuid": "c8d6abd2-5794-4082-93f6-44907b217af5",
              "parentUUID": "a419f778-b13f-49cc-ada5-803306f08242",
              "isHook": false,
              "skipped": false
            }
          ],
          "suites": [],
          "passes": [
            "bb83cc14-45fa-4144-b35d-d5a8d403d0ec",
            "c8d6abd2-5794-4082-93f6-44907b217af5"
          ],
          "failures": [],
          "pending": [],
          "skipped": [],
          "duration": 31,
          "root": false,
          "rootEmpty": false,
          "_timeout": 2000
        },
        {
          "uuid": "d1398425-be33-4c68-b277-556c254ce786",
          "title": "PingController",
          "fullFile": "/Users/harkirat.singh/Desktop/learning-sourceloop/store/services/notification-service2/dist/__tests__/acceptance/ping.controller.acceptance.js",
          "file": "/dist/__tests__/acceptance/ping.controller.acceptance.js",
          "beforeHooks": [
            {
              "title": "\"before all\" hook: setupApplication in \"PingController\"",
              "fullTitle": "PingController \"before all\" hook: setupApplication in \"PingController\"",
              "timedOut": false,
              "duration": 8,
              "state": null,
              "speed": null,
              "pass": false,
              "fail": false,
              "pending": false,
              "context": null,
              "code": "({ app, client } = await (0, test_helper_1.setupApplication)());",
              "err": {},
              "uuid": "8d8c7f94-e84d-4f00-b308-39f5918b8c22",
              "parentUUID": "d1398425-be33-4c68-b277-556c254ce786",
              "isHook": true,
              "skipped": false
            }
          ],
          "afterHooks": [
            {
              "title": "\"after all\" hook in \"PingController\"",
              "fullTitle": "PingController \"after all\" hook in \"PingController\"",
              "timedOut": false,
              "duration": 0,
              "state": null,
              "speed": null,
              "pass": false,
              "fail": false,
              "pending": false,
              "context": null,
              "code": "await app.stop();",
              "err": {},
              "uuid": "66567814-0e76-4965-8c27-833c068a189a",
              "parentUUID": "d1398425-be33-4c68-b277-556c254ce786",
              "isHook": true,
              "skipped": false
            }
          ],
          "tests": [
            {
              "title": "invokes GET /ping",
              "fullTitle": "PingController invokes GET /ping",
              "timedOut": false,
              "duration": 5,
              "state": "passed",
              "speed": "fast",
              "pass": true,
              "fail": false,
              "pending": false,
              "context": null,
              "code": "const res = await client.get('/ping?msg=world').expect(200);\n(0, testlab_1.expect)(res.body).to.containEql({ greeting: 'Hello from LoopBack' });",
              "err": {},
              "uuid": "9e5e1a7d-b565-472b-9acf-8b98072bf024",
              "parentUUID": "d1398425-be33-4c68-b277-556c254ce786",
              "isHook": false,
              "skipped": false
            }
          ],
          "suites": [],
          "passes": [
            "9e5e1a7d-b565-472b-9acf-8b98072bf024"
          ],
          "failures": [],
          "pending": [],
          "skipped": [],
          "duration": 5,
          "root": false,
          "rootEmpty": false,
          "_timeout": 2000
        }
      ],
      "passes": [],
      "failures": [],
      "pending": [],
      "skipped": [],
      "duration": 0,
      "root": true,
      "rootEmpty": true,
      "_timeout": 2000
    }
  ],
  "meta": {
    "mocha": {
      "version": "11.7.1"
    },
    "mochawesome": {
      "options": {
        "quiet": false,
        "reportFilename": "mochawesome",
        "saveHtml": true,
        "saveJson": true,
        "consoleReporter": "spec",
        "useInlineDiffs": false,
        "code": true
      },
      "version": "7.1.3"
    },
    "marge": {
      "options": null,
      "version": "6.2.0"
    }
  }
}